# JRE version: OpenJDK Runtime Environment (8.0_242-b01) (build 1.8.0_242-release-1644-b01)
# Java VM: OpenJDK 64-Bit Server VM (25.242-b01 mixed mode windows-amd64 compressed oops)
Heap:
 PSYoungGen      total 350720K, used 178909K [0x00000000d5580000, 0x00000000ec900000, 0x0000000100000000)
  eden space 328192K, 54% used [0x00000000d5580000,0x00000000e04377c0,0x00000000e9600000)
  from space 22528K, 0% used [0x00000000ead80000,0x00000000ead80000,0x00000000ec380000)
  to   space 24064K, 0% used [0x00000000e9600000,0x00000000e9600000,0x00000000ead80000)
 ParOldGen       total 206848K, used 31150K [0x0000000080000000, 0x000000008ca00000, 0x00000000d5580000)
  object space 206848K, 15% used [0x0000000080000000,0x0000000081e6b9a8,0x000000008ca00000)
 Metaspace       used 66644K, capacity 70588K, committed 70824K, reserved 1110016K
  class space    used 9304K, capacity 10041K, committed 10160K, reserved 1048576K
GC Heap History (10 events):
Event: 2.689 GC heap before
{Heap before GC invocations=7 (full 1):
 PSYoungGen      total 141824K, used 60086K [0x00000000d5580000, 0x00000000e4b80000, 0x0000000100000000)
  eden space 131072K, 37% used [0x00000000d5580000,0x00000000d85b4be8,0x00000000dd580000)
  from space 10752K, 99% used [0x00000000dd580000,0x00000000ddff8f68,0x00000000de000000)
  to   space 15872K, 0% used [0x00000000e3c00000,0x00000000e3c00000,0x00000000e4b80000)
 ParOldGen       total 94208K, used 10174K [0x0000000080000000, 0x0000000085c00000, 0x00000000d5580000)
  object space 94208K, 10% used [0x0000000080000000,0x00000000809ef928,0x0000000085c00000)
 Metaspace       used 34550K, capacity 35374K, committed 35496K, reserved 1079296K
  class space    used 4724K, capacity 4966K, committed 5040K, reserved 1048576K
Event: 2.694 GC heap after
Heap after GC invocations=7 (full 1):
 PSYoungGen      total 233984K, used 8749K [0x00000000d5580000, 0x00000000e4980000, 0x0000000100000000)
  eden space 220160K, 0% used [0x00000000d5580000,0x00000000d5580000,0x00000000e2c80000)
  from space 13824K, 63% used [0x00000000e3c00000,0x00000000e448b620,0x00000000e4980000)
  to   space 14848K, 0% used [0x00000000e2c80000,0x00000000e2c80000,0x00000000e3b00000)
 ParOldGen       total 94208K, used 10182K [0x0000000080000000, 0x0000000085c00000, 0x00000000d5580000)
  object space 94208K, 10% used [0x0000000080000000,0x00000000809f1928,0x0000000085c00000)
 Metaspace       used 34550K, capacity 35374K, committed 35496K, reserved 1079296K
  class space    used 4724K, capacity 4966K, committed 5040K, reserved 1048576K
}
Event: 2.694 GC heap before
{Heap before GC invocations=8 (full 2):
 PSYoungGen      total 233984K, used 8749K [0x00000000d5580000, 0x00000000e4980000, 0x0000000100000000)
  eden space 220160K, 0% used [0x00000000d5580000,0x00000000d5580000,0x00000000e2c80000)
  from space 13824K, 63% used [0x00000000e3c00000,0x00000000e448b620,0x00000000e4980000)
  to   space 14848K, 0% used [0x00000000e2c80000,0x00000000e2c80000,0x00000000e3b00000)
 ParOldGen       total 94208K, used 10182K [0x0000000080000000, 0x0000000085c00000, 0x00000000d5580000)
  object space 94208K, 10% used [0x0000000080000000,0x00000000809f1928,0x0000000085c00000)
 Metaspace       used 34550K, capacity 35374K, committed 35496K, reserved 1079296K
  class space    used 4724K, capacity 4966K, committed 5040K, reserved 1048576K
Event: 2.725 GC heap after
Heap after GC invocations=8 (full 2):
 PSYoungGen      total 233984K, used 0K [0x00000000d5580000, 0x00000000e4980000, 0x0000000100000000)
  eden space 220160K, 0% used [0x00000000d5580000,0x00000000d5580000,0x00000000e2c80000)
  from space 13824K, 0% used [0x00000000e3c00000,0x00000000e3c00000,0x00000000e4980000)
  to   space 14848K, 0% used [0x00000000e2c80000,0x00000000e2c80000,0x00000000e3b00000)
 ParOldGen       total 142336K, used 15605K [0x0000000080000000, 0x0000000088b00000, 0x00000000d5580000)
  object space 142336K, 10% used [0x0000000080000000,0x0000000080f3d630,0x0000000088b00000)
 Metaspace       used 34550K, capacity 35374K, committed 35496K, reserved 1079296K
  class space    used 4724K, capacity 4966K, committed 5040K, reserved 1048576K
}
Event: 4.703 GC heap before
{Heap before GC invocations=9 (full 2):
 PSYoungGen      total 233984K, used 220160K [0x00000000d5580000, 0x00000000e4980000, 0x0000000100000000)
  eden space 220160K, 100% used [0x00000000d5580000,0x00000000e2c80000,0x00000000e2c80000)
  from space 13824K, 0% used [0x00000000e3c00000,0x00000000e3c00000,0x00000000e4980000)
  to   space 14848K, 0% used [0x00000000e2c80000,0x00000000e2c80000,0x00000000e3b00000)
 ParOldGen       total 142336K, used 15605K [0x0000000080000000, 0x0000000088b00000, 0x00000000d5580000)
  object space 142336K, 10% used [0x0000000080000000,0x0000000080f3d630,0x0000000088b00000)
 Metaspace       used 52743K, capacity 54670K, committed 54696K, reserved 1095680K
  class space    used 7154K, capacity 7598K, committed 7600K, reserved 1048576K
Event: 4.721 GC heap after
Heap after GC invocations=9 (full 2):
 PSYoungGen      total 235008K, used 14833K [0x00000000d5580000, 0x00000000ec380000, 0x0000000100000000)
  eden space 220160K, 0% used [0x00000000d5580000,0x00000000d5580000,0x00000000e2c80000)
  from space 14848K, 99% used [0x00000000e2c80000,0x00000000e3afc5a0,0x00000000e3b00000)
  to   space 22528K, 0% used [0x00000000ead80000,0x00000000ead80000,0x00000000ec380000)
 ParOldGen       total 142336K, used 26535K [0x0000000080000000, 0x0000000088b00000, 0x00000000d5580000)
  object space 142336K, 18% used [0x0000000080000000,0x00000000819e9e80,0x0000000088b00000)
 Metaspace       used 52743K, capacity 54670K, committed 54696K, reserved 1095680K
  class space    used 7154K, capacity 7598K, committed 7600K, reserved 1048576K
}
Event: 5.102 GC heap before
{Heap before GC invocations=10 (full 2):
 PSYoungGen      total 235008K, used 74064K [0x00000000d5580000, 0x00000000ec380000, 0x0000000100000000)
  eden space 220160K, 26% used [0x00000000d5580000,0x00000000d8f57a88,0x00000000e2c80000)
  from space 14848K, 99% used [0x00000000e2c80000,0x00000000e3afc5a0,0x00000000e3b00000)
  to   space 22528K, 0% used [0x00000000ead80000,0x00000000ead80000,0x00000000ec380000)
 ParOldGen       total 142336K, used 26535K [0x0000000080000000, 0x0000000088b00000, 0x00000000d5580000)
  object space 142336K, 18% used [0x0000000080000000,0x00000000819e9e80,0x0000000088b00000)
 Metaspace       used 56980K, capacity 58990K, committed 59160K, reserved 1099776K
  class space    used 7807K, capacity 8260K, committed 8368K, reserved 1048576K
Event: 5.112 GC heap after
Heap after GC invocations=10 (full 2):
 PSYoungGen      total 350720K, used 18965K [0x00000000d5580000, 0x00000000ec900000, 0x0000000100000000)
  eden space 328192K, 0% used [0x00000000d5580000,0x00000000d5580000,0x00000000e9600000)
  from space 22528K, 84% used [0x00000000ead80000,0x00000000ec005588,0x00000000ec380000)
  to   space 24064K, 0% used [0x00000000e9600000,0x00000000e9600000,0x00000000ead80000)
 ParOldGen       total 142336K, used 26543K [0x0000000080000000, 0x0000000088b00000, 0x00000000d5580000)
  object space 142336K, 18% used [0x0000000080000000,0x00000000819ebe80,0x0000000088b00000)
 Metaspace       used 56980K, capacity 58990K, committed 59160K, reserved 1099776K
  class space    used 7807K, capacity 8260K, committed 8368K, reserved 1048576K
}
Event: 5.112 GC heap before
{Heap before GC invocations=11 (full 3):
 PSYoungGen      total 350720K, used 18965K [0x00000000d5580000, 0x00000000ec900000, 0x0000000100000000)
  eden space 328192K, 0% used [0x00000000d5580000,0x00000000d5580000,0x00000000e9600000)
  from space 22528K, 84% used [0x00000000ead80000,0x00000000ec005588,0x00000000ec380000)
  to   space 24064K, 0% used [0x00000000e9600000,0x00000000e9600000,0x00000000ead80000)
 ParOldGen       total 142336K, used 26543K [0x0000000080000000, 0x0000000088b00000, 0x00000000d5580000)
  object space 142336K, 18% used [0x0000000080000000,0x00000000819ebe80,0x0000000088b00000)
 Metaspace       used 56980K, capacity 58990K, committed 59160K, reserved 1099776K
  class space    used 7807K, capacity 8260K, committed 8368K, reserved 1048576K
Event: 5.255 GC heap after
Heap after GC invocations=11 (full 3):
 PSYoungGen      total 350720K, used 0K [0x00000000d5580000, 0x00000000ec900000, 0x0000000100000000)
  eden space 328192K, 0% used [0x00000000d5580000,0x00000000d5580000,0x00000000e9600000)
  from space 22528K, 0% used [0x00000000ead80000,0x00000000ead80000,0x00000000ec380000)
  to   space 24064K, 0% used [0x00000000e9600000,0x00000000e9600000,0x00000000ead80000)
 ParOldGen       total 206848K, used 31150K [0x0000000080000000, 0x000000008ca00000, 0x00000000d5580000)
  object space 206848K, 15% used [0x0000000080000000,0x0000000081e6b9a8,0x000000008ca00000)
 Metaspace       used 56931K, capacity 58822K, committed 59160K, reserved 1099776K
  class space    used 7792K, capacity 8232K, committed 8368K, reserved 1048576K
}

