# JRE version: OpenJDK Runtime Environment (8.0_242-b01) (build 1.8.0_242-release-1644-b01)
# Java VM: OpenJDK 64-Bit Server VM (25.242-b01 mixed mode windows-amd64 compressed oops)
Heap:
 PSYoungGen      total 118784K, used 14330K [0x00000000d5580000, 0x00000000e1580000, 0x0000000100000000)
  eden space 106496K, 13% used [0x00000000d5580000,0x00000000d637eb58,0x00000000dbd80000)
  from space 12288K, 0% used [0x00000000dbd80000,0x00000000dbd80000,0x00000000dc980000)
  to   space 11776K, 0% used [0x00000000e0a00000,0x00000000e0a00000,0x00000000e1580000)
 ParOldGen       total 96256K, used 15360K [0x0000000080000000, 0x0000000085e00000, 0x00000000d5580000)
  object space 96256K, 15% used [0x0000000080000000,0x0000000080f000f8,0x0000000085e00000)
 Metaspace       used 35132K, capacity 36068K, committed 36392K, reserved 1081344K
  class space    used 4805K, capacity 5063K, committed 5168K, reserved 1048576K
GC Heap History (10 events):
Event: 1.954 GC heap before
{Heap before GC invocations=5 (full 1):
 PSYoungGen      total 76288K, used 7870K [0x00000000d5580000, 0x00000000dea80000, 0x0000000100000000)
  eden space 65536K, 0% used [0x00000000d5580000,0x00000000d5580000,0x00000000d9580000)
  from space 10752K, 73% used [0x00000000da000000,0x00000000da7af8f0,0x00000000daa80000)
  to   space 10752K, 0% used [0x00000000d9580000,0x00000000d9580000,0x00000000da000000)
 ParOldGen       total 175104K, used 1563K [0x0000000080000000, 0x000000008ab00000, 0x00000000d5580000)
  object space 175104K, 0% used [0x0000000080000000,0x0000000080186fe8,0x000000008ab00000)
 Metaspace       used 20686K, capacity 21256K, committed 21296K, reserved 1067008K
  class space    used 2900K, capacity 3116K, committed 3120K, reserved 1048576K
Event: 1.981 GC heap after
Heap after GC invocations=5 (full 1):
 PSYoungGen      total 76288K, used 0K [0x00000000d5580000, 0x00000000dea80000, 0x0000000100000000)
  eden space 65536K, 0% used [0x00000000d5580000,0x00000000d5580000,0x00000000d9580000)
  from space 10752K, 0% used [0x00000000da000000,0x00000000da000000,0x00000000daa80000)
  to   space 10752K, 0% used [0x00000000d9580000,0x00000000d9580000,0x00000000da000000)
 ParOldGen       total 96256K, used 7736K [0x0000000080000000, 0x0000000085e00000, 0x00000000d5580000)
  object space 96256K, 8% used [0x0000000080000000,0x000000008078e0d8,0x0000000085e00000)
 Metaspace       used 20686K, capacity 21256K, committed 21296K, reserved 1067008K
  class space    used 2900K, capacity 3116K, committed 3120K, reserved 1048576K
}
Event: 2.479 GC heap before
{Heap before GC invocations=6 (full 1):
 PSYoungGen      total 76288K, used 65536K [0x00000000d5580000, 0x00000000dea80000, 0x0000000100000000)
  eden space 65536K, 100% used [0x00000000d5580000,0x00000000d9580000,0x00000000d9580000)
  from space 10752K, 0% used [0x00000000da000000,0x00000000da000000,0x00000000daa80000)
  to   space 10752K, 0% used [0x00000000d9580000,0x00000000d9580000,0x00000000da000000)
 ParOldGen       total 96256K, used 7743K [0x0000000080000000, 0x0000000085e00000, 0x00000000d5580000)
  object space 96256K, 8% used [0x0000000080000000,0x000000008078fe60,0x0000000085e00000)
 Metaspace       used 28412K, capacity 29040K, committed 29232K, reserved 1075200K
  class space    used 3907K, capacity 4127K, committed 4144K, reserved 1048576K
Event: 2.483 GC heap after
Heap after GC invocations=6 (full 1):
 PSYoungGen      total 76288K, used 8245K [0x00000000d5580000, 0x00000000dd700000, 0x0000000100000000)
  eden space 65536K, 0% used [0x00000000d5580000,0x00000000d5580000,0x00000000d9580000)
  from space 10752K, 76% used [0x00000000d9580000,0x00000000d9d8d7f0,0x00000000da000000)
  to   space 12800K, 0% used [0x00000000dca80000,0x00000000dca80000,0x00000000dd700000)
 ParOldGen       total 96256K, used 7751K [0x0000000080000000, 0x0000000085e00000, 0x00000000d5580000)
  object space 96256K, 8% used [0x0000000080000000,0x0000000080791e60,0x0000000085e00000)
 Metaspace       used 28412K, capacity 29040K, committed 29232K, reserved 1075200K
  class space    used 3907K, capacity 4127K, committed 4144K, reserved 1048576K
}
Event: 2.840 GC heap before
{Heap before GC invocations=7 (full 1):
 PSYoungGen      total 76288K, used 73781K [0x00000000d5580000, 0x00000000dd700000, 0x0000000100000000)
  eden space 65536K, 100% used [0x00000000d5580000,0x00000000d9580000,0x00000000d9580000)
  from space 10752K, 76% used [0x00000000d9580000,0x00000000d9d8d7f0,0x00000000da000000)
  to   space 12800K, 0% used [0x00000000dca80000,0x00000000dca80000,0x00000000dd700000)
 ParOldGen       total 96256K, used 7751K [0x0000000080000000, 0x0000000085e00000, 0x00000000d5580000)
  object space 96256K, 8% used [0x0000000080000000,0x0000000080791e60,0x0000000085e00000)
 Metaspace       used 32525K, capacity 33272K, committed 33584K, reserved 1079296K
  class space    used 4425K, capacity 4641K, committed 4656K, reserved 1048576K
Event: 2.847 GC heap after
Heap after GC invocations=7 (full 1):
 PSYoungGen      total 117760K, used 8750K [0x00000000d5580000, 0x00000000dd580000, 0x0000000100000000)
  eden space 106496K, 0% used [0x00000000d5580000,0x00000000d5580000,0x00000000dbd80000)
  from space 11264K, 77% used [0x00000000dca80000,0x00000000dd30b958,0x00000000dd580000)
  to   space 12288K, 0% used [0x00000000dbd80000,0x00000000dbd80000,0x00000000dc980000)
 ParOldGen       total 96256K, used 7759K [0x0000000080000000, 0x0000000085e00000, 0x00000000d5580000)
  object space 96256K, 8% used [0x0000000080000000,0x0000000080793e60,0x0000000085e00000)
 Metaspace       used 32525K, capacity 33272K, committed 33584K, reserved 1079296K
  class space    used 4425K, capacity 4641K, committed 4656K, reserved 1048576K
}
Event: 3.024 GC heap before
{Heap before GC invocations=8 (full 1):
 PSYoungGen      total 117760K, used 53123K [0x00000000d5580000, 0x00000000dd580000, 0x0000000100000000)
  eden space 106496K, 41% used [0x00000000d5580000,0x00000000d80d5630,0x00000000dbd80000)
  from space 11264K, 77% used [0x00000000dca80000,0x00000000dd30b958,0x00000000dd580000)
  to   space 12288K, 0% used [0x00000000dbd80000,0x00000000dbd80000,0x00000000dc980000)
 ParOldGen       total 96256K, used 7759K [0x0000000080000000, 0x0000000085e00000, 0x00000000d5580000)
  object space 96256K, 8% used [0x0000000080000000,0x0000000080793e60,0x0000000085e00000)
 Metaspace       used 34560K, capacity 35374K, committed 35496K, reserved 1079296K
  class space    used 4726K, capacity 4966K, committed 5040K, reserved 1048576K
Event: 3.029 GC heap after
Heap after GC invocations=8 (full 1):
 PSYoungGen      total 118784K, used 8521K [0x00000000d5580000, 0x00000000e1580000, 0x0000000100000000)
  eden space 106496K, 0% used [0x00000000d5580000,0x00000000d5580000,0x00000000dbd80000)
  from space 12288K, 69% used [0x00000000dbd80000,0x00000000dc5d2420,0x00000000dc980000)
  to   space 11776K, 0% used [0x00000000e0a00000,0x00000000e0a00000,0x00000000e1580000)
 ParOldGen       total 96256K, used 7767K [0x0000000080000000, 0x0000000085e00000, 0x00000000d5580000)
  object space 96256K, 8% used [0x0000000080000000,0x0000000080795e60,0x0000000085e00000)
 Metaspace       used 34560K, capacity 35374K, committed 35496K, reserved 1079296K
  class space    used 4726K, capacity 4966K, committed 5040K, reserved 1048576K
}
Event: 3.029 GC heap before
{Heap before GC invocations=9 (full 2):
 PSYoungGen      total 118784K, used 8521K [0x00000000d5580000, 0x00000000e1580000, 0x0000000100000000)
  eden space 106496K, 0% used [0x00000000d5580000,0x00000000d5580000,0x00000000dbd80000)
  from space 12288K, 69% used [0x00000000dbd80000,0x00000000dc5d2420,0x00000000dc980000)
  to   space 11776K, 0% used [0x00000000e0a00000,0x00000000e0a00000,0x00000000e1580000)
 ParOldGen       total 96256K, used 7767K [0x0000000080000000, 0x0000000085e00000, 0x00000000d5580000)
  object space 96256K, 8% used [0x0000000080000000,0x0000000080795e60,0x0000000085e00000)
 Metaspace       used 34560K, capacity 35374K, committed 35496K, reserved 1079296K
  class space    used 4726K, capacity 4966K, committed 5040K, reserved 1048576K
Event: 3.057 GC heap after
Heap after GC invocations=9 (full 2):
 PSYoungGen      total 118784K, used 0K [0x00000000d5580000, 0x00000000e1580000, 0x0000000100000000)
  eden space 106496K, 0% used [0x00000000d5580000,0x00000000d5580000,0x00000000dbd80000)
  from space 12288K, 0% used [0x00000000dbd80000,0x00000000dbd80000,0x00000000dc980000)
  to   space 11776K, 0% used [0x00000000e0a00000,0x00000000e0a00000,0x00000000e1580000)
 ParOldGen       total 96256K, used 15360K [0x0000000080000000, 0x0000000085e00000, 0x00000000d5580000)
  object space 96256K, 15% used [0x0000000080000000,0x0000000080f000f8,0x0000000085e00000)
 Metaspace       used 34560K, capacity 35374K, committed 35496K, reserved 1079296K
  class space    used 4726K, capacity 4966K, committed 5040K, reserved 1048576K
}

